<?xml version="1.0" encoding="UTF-8"?>
<!-- Generated by org.testng.reporters.JUnitReportReporter -->
<testsuite hostname="DESKTOP-CPFU8V3" failures="0" tests="1" name="com.qa.testscripts.CaseStudy15_Popup" time="12.815" errors="0" timestamp="2021-08-09T14:36:34 IST" skipped="0">
  <testcase classname="com.qa.testscripts.CaseStudy15_Popup" name="pop1" time="12.815"/>
  <system-out/>
</testsuite> <!-- com.qa.testscripts.CaseStudy15_Popup -->
