<?xml version="1.0" encoding="UTF-8"?>
<!-- Generated by org.testng.reporters.JUnitReportReporter -->
<testsuite hostname="DESKTOP-CPFU8V3" failures="0" tests="1" name="com.qa.testscripts.CaseStudy18_Guru99" time="10.785" errors="0" timestamp="2021-08-09T14:36:34 IST" skipped="0">
  <testcase classname="com.qa.testscripts.CaseStudy18_Guru99" name="newtours18" time="10.785"/>
  <system-out>
    <![CDATA[India is not present in the dropdown list]]>
  </system-out>
</testsuite> <!-- com.qa.testscripts.CaseStudy18_Guru99 -->
