<?xml version="1.0" encoding="UTF-8"?>
<!-- Generated by org.testng.reporters.JUnitReportReporter -->
<testsuite hostname="DESKTOP-CPFU8V3" failures="0" tests="2" name="com.qa.testscripts.CaseStudy5_Google$CS5_AutoSuggestions" time="30.108" errors="0" timestamp="2021-08-09T14:36:34 IST" skipped="0">
  <testcase classname="com.qa.testscripts.CaseStudy5_Google$CS5_AutoSuggestions" name="google" time="13.858"/>
  <system-out>
    <![CDATA[automation testing
automation testing tools
automation testing interview questions
automation testing jobs in bangalore
automation testing courses
automation testing courses bangalore
automation testing tutorial
automation testing jobs
automation testing selenium
automation testing tools list
search item and title Both are equal ]]>
  </system-out>
  <testcase classname="com.qa.testscripts.CaseStudy5_Google$CS5_AutoSuggestions" name="google" time="16.250"/>
  <system-out>
    <![CDATA[automation testing
automation testing tools
automation testing interview questions
automation testing jobs in bangalore
automation testing courses
automation testing courses bangalore
automation testing jobs
automation testing tutorial
automation testing selenium
automation testing tools list
search item and title Both are equal ]]>
  </system-out>
</testsuite> <!-- com.qa.testscripts.CaseStudy5_Google$CS5_AutoSuggestions -->
